<?xml version="1.0" encoding="UTF-8"?>
<!-- Generated by org.testng.reporters.JUnitReportReporter -->
<testsuite hostname="localhost.localdomain" name="Optigokpidashboard" tests="13" failures="0" timestamp="19 Feb 2020 12:43:21 GMT" time="96.374" errors="0">
  <testcase name="KpiopticHourdashboard" time="13.577" classname="Optigokpidashboard"/>
  <testcase name="kpiIPDashboardhourgranularity" time="24.549" classname="Optigokpidashboard"/>
  <testcase name="Userlogin" time="1.611" classname="Optigokpidashboard"/>
  <testcase name="kpiMicroWeekdashboard" time="7.987" classname="Optigokpidashboard"/>
  <testcase name="KpiopticDaydashboard" time="6.283" classname="Optigokpidashboard"/>
  <testcase name="KpiopticWeekdashboard" time="7.656" classname="Optigokpidashboard"/>
  <testcase name="KpiopticMonthdashboard" time="0.300" classname="Optigokpidashboard"/>
  <testcase name="kpiIPDashboardWeekgranularity" time="8.898" classname="Optigokpidashboard"/>
  <testcase name="kpiMicroMonthdashboard" time="0.154" classname="Optigokpidashboard"/>
  <testcase name="kpiMicroHourdashboard" time="13.476" classname="Optigokpidashboard"/>
  <testcase name="kpiIPDashboardMonthgranularity" time="0.232" classname="Optigokpidashboard"/>
  <testcase name="kpiMicroDaydashboard" time="6.276" classname="Optigokpidashboard"/>
  <testcase name="kpiIPDashboardDaygranularity" time="5.375" classname="Optigokpidashboard"/>
</testsuite> <!-- Optigokpidashboard -->
