<?xml version="1.0" encoding="UTF-8"?>
<!-- Generated by org.testng.reporters.JUnitReportReporter -->
<testsuite hostname="localhost.localdomain" name="Optigotopology" tests="5" failures="0" timestamp="12 Feb 2020 12:39:39 GMT" time="107.631" errors="0">
  <testcase name="Userlogin" time="1.603" classname="Optigotopology"/>
  <testcase name="MicrowaveTopology" time="30.681" classname="Optigotopology"/>
  <testcase name="DWDMtopology" time="18.702" classname="Optigotopology"/>
  <testcase name="TransportSDHpacketTopology" time="24.934" classname="Optigotopology"/>
  <testcase name="IPTopology" time="31.711" classname="Optigotopology"/>
</testsuite> <!-- Optigotopology -->
