<?xml version="1.0" encoding="UTF-8"?>
<!-- Generated by org.testng.reporters.JUnitReportReporter -->
<testsuite hostname="localhost.localdomain" name="Ipdashboard" tests="6" failures="0" timestamp="25 Feb 2020 05:16:54 GMT" time="617.351" errors="0">
  <testcase name="IPDashboardhour" time="103.382" classname="Ipdashboard"/>
  <testcase name="IPDashboardMinutes" time="95.323" classname="Ipdashboard"/>
  <testcase name="IPDashboardMonth" time="0.080" classname="Ipdashboard"/>
  <testcase name="Userlogin" time="1.444" classname="Ipdashboard"/>
  <testcase name="IPDashboardday" time="77.361" classname="Ipdashboard"/>
  <testcase name="IPDashboardWeek" time="339.761" classname="Ipdashboard"/>
</testsuite> <!-- Ipdashboard -->
