<?xml version="1.0" encoding="UTF-8"?>
<!-- Generated by org.testng.reporters.JUnitReportReporter -->
<testsuite hostname="localhost.localdomain" name="Optigotrends" tests="6" failures="1" timestamp="11 Feb 2020 05:15:41 GMT" time="41.081" errors="0">
  <testcase name="IPTrendsLast7days" time="17.746" classname="Optigotrends">
    <failure type="junit.framework.AssertionFailedError" message="there is no data in IP Trends">
      <![CDATA[junit.framework.AssertionFailedError: there is no data in IP Trends
	at junit.framework.Assert.fail(Assert.java:50)
	at Optigotrends.IPTrendsLast7days(Optigotrends.java:106)
	at sun.reflect.NativeMethodAccessorImpl.invoke0(Native Method)
	at sun.reflect.NativeMethodAccessorImpl.invoke(NativeMethodAccessorImpl.java:62)
	at sun.reflect.DelegatingMethodAccessorImpl.invoke(DelegatingMethodAccessorImpl.java:43)
	at java.lang.reflect.Method.invoke(Method.java:498)
	at org.testng.internal.MethodInvocationHelper.invokeMethod(MethodInvocationHelper.java:85)
	at org.testng.internal.Invoker.invokeMethod(Invoker.java:639)
	at org.testng.internal.Invoker.invokeTestMethod(Invoker.java:816)
	at org.testng.internal.Invoker.invokeTestMethods(Invoker.java:1124)
	at org.testng.internal.TestMethodWorker.invokeTestMethods(TestMethodWorker.java:125)
	at org.testng.internal.TestMethodWorker.run(TestMethodWorker.java:108)
	at org.testng.TestRunner.privateRun(TestRunner.java:774)
	at org.testng.TestRunner.run(TestRunner.java:624)
	at org.testng.SuiteRunner.runTest(SuiteRunner.java:359)
	at org.testng.SuiteRunner.runSequentially(SuiteRunner.java:354)
	at org.testng.SuiteRunner.privateRun(SuiteRunner.java:312)
	at org.testng.SuiteRunner.run(SuiteRunner.java:261)
	at org.testng.SuiteRunnerWorker.runSuite(SuiteRunnerWorker.java:52)
	at org.testng.SuiteRunnerWorker.run(SuiteRunnerWorker.java:86)
	at org.testng.TestNG.runSuitesSequentially(TestNG.java:1215)
	at org.testng.TestNG.runSuitesLocally(TestNG.java:1140)
	at org.testng.TestNG.run(TestNG.java:1048)
	at org.testng.remote.RemoteTestNG.run(RemoteTestNG.java:112)
	at org.testng.remote.RemoteTestNG.initAndRun(RemoteTestNG.java:205)
	at org.testng.remote.RemoteTestNG.main(RemoteTestNG.java:176)
]]>
    </failure>
  </testcase> <!-- IPTrendsLast7days -->
  <testcase name="IPTrendsLast6months" time="5.357" classname="Optigotrends"/>
  <testcase name="IPTrendsLast2months" time="5.542" classname="Optigotrends"/>
  <testcase name="Userlogin" time="1.594" classname="Optigotrends"/>
  <testcase name="IPTrendsLast30days" time="5.359" classname="Optigotrends"/>
  <testcase name="IPTrendsLast14days" time="5.483" classname="Optigotrends"/>
</testsuite> <!-- Optigotrends -->
