<?xml version="1.0" encoding="UTF-8"?>
<!-- Generated by org.testng.reporters.JUnitReportReporter -->
<testsuite hostname="localhost.localdomain" name="MicrowaveDashboardNEC" tests="6" failures="0" timestamp="9 Mar 2020 07:52:06 GMT" time="387.959" errors="0">
  <testcase name="MicrowaveDashboardNECMinutes" time="127.047" classname="MicrowaveDashboardNEC"/>
  <testcase name="MicrowaveDashboardNECDay" time="62.345" classname="MicrowaveDashboardNEC"/>
  <testcase name="MicrowaveDashboardNECWeek" time="72.304" classname="MicrowaveDashboardNEC"/>
  <testcase name="Userlogin" time="1.423" classname="MicrowaveDashboardNEC"/>
  <testcase name="MicrowaveDashboardNECMonth" time="62.414" classname="MicrowaveDashboardNEC"/>
  <testcase name="MicrowaveDashboardNECHour" time="62.426" classname="MicrowaveDashboardNEC"/>
</testsuite> <!-- MicrowaveDashboardNEC -->
