<?xml version="1.0" encoding="UTF-8"?>
<!-- Generated by org.testng.reporters.JUnitReportReporter -->
<testsuite hostname="localhost.localdomain" name="Function" tests="2" failures="0" timestamp="6 Feb 2020 10:02:05 GMT" time="4.223" errors="0">
  <testcase name="HuwaeiUserlogin" time="2.599" classname="Function"/>
  <testcase name="AdminUserlogin" time="1.624" classname="Function"/>
</testsuite> <!-- Function -->
