<?xml version="1.0" encoding="UTF-8"?>
<!-- Generated by org.testng.reporters.JUnitReportReporter -->
<testsuite hostname="localhost.localdomain" name="Optigo" tests="3" failures="0" timestamp="7 Feb 2020 07:26:48 GMT" time="37.386" errors="0">
  <testcase name="Userlogin" time="1.744" classname="Optigo"/>
  <testcase name="kpiIPDashboard" time="25.778" classname="Optigo"/>
  <testcase name="kpiMicrodashboard" time="9.864" classname="Optigo"/>
</testsuite> <!-- Optigo -->
